<?xml version="1.0" encoding="UTF-8"?>
<!-- Generated by org.testng.reporters.JUnitXMLReporter -->
<testsuite ignored="0" hostname="DESKTOP-QU383CH" failures="0" tests="6" name="Default test" time="99.096" errors="0" timestamp="2023-03-16T07:15:25 GMT">
  <testcase classname="testScripts.TestCase" name="login" time="4.157"/>
  <testcase classname="testScripts.TestCase" name="addItem" time="15.602"/>
  <testcase classname="testScripts.TestCase" name="addItem" time="14.82"/>
  <testcase classname="testScripts.TestCase" name="cart" time="7.123"/>
  <testcase classname="testScripts.TestCase" name="delete" time="2.681"/>
  <testcase classname="testScripts.TestCase" name="Placeorder" time="19.388"/>
</testsuite> <!-- Default test -->
