<?xml version="1.0" encoding="UTF-8"?>
<!-- Generated by org.testng.reporters.JUnitXMLReporter -->
<testsuite ignored="0" hostname="DESKTOP-QU383CH" failures="0" tests="6" name="Default test" time="100.383" errors="0" timestamp="2023-03-16T12:10:06 GMT">
  <testcase classname="testScripts.TestCase" name="login" time="3.556"/>
  <testcase classname="testScripts.TestCase" name="addItem" time="19.284"/>
  <testcase classname="testScripts.TestCase" name="addItem" time="18.366"/>
  <testcase classname="testScripts.TestCase" name="cart" time="6.001"/>
  <testcase classname="testScripts.TestCase" name="delete" time="3.417"/>
  <testcase classname="testScripts.TestCase" name="Placeorder" time="14.688"/>
</testsuite> <!-- Default test -->
