<?xml version="1.0" encoding="UTF-8"?>
<testng-results ignored="0" total="6" passed="6" failed="0" skipped="0">
  <reporter-output>
  </reporter-output>
  <suite started-at="2023-03-16T07:13:45 GMT" name="Default suite" finished-at="2023-03-16T07:15:25 GMT" duration-ms="99096">
    <groups>
    </groups>
    <test started-at="2023-03-16T07:13:45 GMT" name="Default test" finished-at="2023-03-16T07:15:25 GMT" duration-ms="99096">
      <class name="testScripts.TestCase">
        <test-method is-config="true" signature="setup()[pri:0, instance:testScripts.TestCase@581ac8a8]" started-at="2023-03-16T07:13:45 GMT" name="setup" finished-at="2023-03-16T07:14:20 GMT" duration-ms="34876" status="PASS">
          <reporter-output>
          </reporter-output>
        </test-method> <!-- setup -->
        <test-method signature="login()[pri:1, instance:testScripts.TestCase@581ac8a8]" started-at="2023-03-16T07:14:20 GMT" name="login" finished-at="2023-03-16T07:14:25 GMT" duration-ms="4157" status="PASS">
          <reporter-output>
          </reporter-output>
        </test-method> <!-- login -->
        <test-method signature="addItem(java.lang.String)[pri:2, instance:testScripts.TestCase@581ac8a8]" started-at="2023-03-16T07:14:25 GMT" name="addItem" data-provider="MultipleItems" finished-at="2023-03-16T07:14:40 GMT" duration-ms="15602" status="PASS">
          <params>
            <param index="0">
              <value>
                <![CDATA[Nexus 6]]>
              </value>
            </param>
          </params>
          <reporter-output>
          </reporter-output>
        </test-method> <!-- addItem -->
        <test-method signature="addItem(java.lang.String)[pri:2, instance:testScripts.TestCase@581ac8a8]" started-at="2023-03-16T07:14:40 GMT" name="addItem" data-provider="MultipleItems" finished-at="2023-03-16T07:14:55 GMT" duration-ms="14820" status="PASS">
          <params>
            <param index="0">
              <value>
                <![CDATA[Sony vaio i5]]>
              </value>
            </param>
          </params>
          <reporter-output>
          </reporter-output>
        </test-method> <!-- addItem -->
        <test-method signature="cart()[pri:3, instance:testScripts.TestCase@581ac8a8]" started-at="2023-03-16T07:14:55 GMT" name="cart" finished-at="2023-03-16T07:15:02 GMT" duration-ms="7123" status="PASS">
          <reporter-output>
          </reporter-output>
        </test-method> <!-- cart -->
        <test-method signature="delete()[pri:4, instance:testScripts.TestCase@581ac8a8]" started-at="2023-03-16T07:15:02 GMT" name="delete" finished-at="2023-03-16T07:15:05 GMT" depends-on-methods="testScripts.TestCase.cart" duration-ms="2681" status="PASS">
          <reporter-output>
          </reporter-output>
        </test-method> <!-- delete -->
        <test-method signature="Placeorder()[pri:5, instance:testScripts.TestCase@581ac8a8]" started-at="2023-03-16T07:15:05 GMT" name="Placeorder" finished-at="2023-03-16T07:15:25 GMT" duration-ms="19388" status="PASS">
          <reporter-output>
          </reporter-output>
        </test-method> <!-- Placeorder -->
      </class> <!-- testScripts.TestCase -->
    </test> <!-- Default test -->
  </suite> <!-- Default suite -->
</testng-results>
